<?xml version="1.1" encoding="UTF-8"?>
<testsuite name="com.djh.location.list.service.DefaultSummaryServiceTest" tests="1" failures="0" errors="0" timestamp="2014-09-21T18:22:09" hostname="localhost" time="0.006">
  <properties/>
  <testcase name="testAddItem" classname="com.djh.location.list.service.DefaultSummaryServiceTest" time="0.006"/>
  <system-out><![CDATA[]]></system-out>
  <system-err><![CDATA[]]></system-err>
</testsuite>
